<?xml version="1.0" encoding="UTF-8"?>
<testsuite xmlns:xsi="http://www.w3.org/2001/XMLSchema-instance" xsi:noNamespaceSchemaLocation="https://maven.apache.org/surefire/maven-surefire-plugin/xsd/surefire-test-report-3.0.xsd" version="3.0" name="ch.tbz.CalculatorTest" time="0.081" tests="7" errors="0" skipped="0" failures="0">
  <properties>
[...]
</properties>
  <testcase name="add_shouldWorkWithNegativeNumbers" classname="ch.tbz.CalculatorTest" time="0.03"/>
  <testcase name="multiply_shouldReturnProduct" classname="ch.tbz.CalculatorTest" time="0.002"/>
  <testcase name="divide_byZeroShouldThrowException" classname="ch.tbz.CalculatorTest" time="0.003"/>
  <testcase name="divide_shouldHandleDecimals" classname="ch.tbz.CalculatorTest" time="0.001"/>
  <testcase name="divide_shouldReturnQuotient" classname="ch.tbz.CalculatorTest" time="0.001"/>
  <testcase name="subtract_shouldReturnDifference" classname="ch.tbz.CalculatorTest" time="0.001"/>
  <testcase name="add_shouldReturnSum" classname="ch.tbz.CalculatorTest" time="0.002"/>
</testsuite>